  game.c
c:\users\user\source\repos\shooting\game.c(19): warning C4996: 'kbhit': The POSIX name for this item is deprecated. Instead, use the ISO C and C++ conformant name: _kbhit. See online help for details.
  c:\program files (x86)\windows kits\10\include\10.0.17134.0\ucrt\conio.h(459): note: 'kbhit' 선언을 참조하십시오.
c:\users\user\source\repos\shooting\game.c(20): warning C4996: 'getch': The POSIX name for this item is deprecated. Instead, use the ISO C and C++ conformant name: _getch. See online help for details.
  c:\program files (x86)\windows kits\10\include\10.0.17134.0\ucrt\conio.h(453): note: 'getch' 선언을 참조하십시오.
c:\users\user\source\repos\shooting\game.c(22): warning C4996: 'getch': The POSIX name for this item is deprecated. Instead, use the ISO C and C++ conformant name: _getch. See online help for details.
  c:\program files (x86)\windows kits\10\include\10.0.17134.0\ucrt\conio.h(453): note: 'getch' 선언을 참조하십시오.
c:\users\user\source\repos\shooting\game.c(119): warning C4047: '함수': 'int'의 간접 참조 수준이 'void *'과(와) 다릅니다.
c:\users\user\source\repos\shooting\game.c(119): warning C4024: 'defBullet': 형식 및 실제 매개 변수 2의 형식이 서로 다릅니다.
c:\users\user\source\repos\shooting\game.c(119): warning C4024: 'defBullet': 형식 및 실제 매개 변수 3의 형식이 서로 다릅니다.
c:\users\user\source\repos\shooting\game.c(119): warning C4024: 'defBullet': 형식 및 실제 매개 변수 4의 형식이 서로 다릅니다.
c:\users\user\source\repos\shooting\game.c(119): warning C4024: 'defBullet': 형식 및 실제 매개 변수 5의 형식이 서로 다릅니다.
c:\users\user\source\repos\shooting\game.c(131): warning C4047: '함수': 'int'의 간접 참조 수준이 'void *'과(와) 다릅니다.
c:\users\user\source\repos\shooting\game.c(131): warning C4024: 'defBullet': 형식 및 실제 매개 변수 2의 형식이 서로 다릅니다.
c:\users\user\source\repos\shooting\game.c(131): warning C4024: 'defBullet': 형식 및 실제 매개 변수 3의 형식이 서로 다릅니다.
c:\users\user\source\repos\shooting\game.c(131): warning C4024: 'defBullet': 형식 및 실제 매개 변수 4의 형식이 서로 다릅니다.
c:\users\user\source\repos\shooting\game.c(131): warning C4024: 'defBullet': 형식 및 실제 매개 변수 5의 형식이 서로 다릅니다.
c:\users\user\source\repos\shooting\game.c(136): warning C4047: '함수': 'int'의 간접 참조 수준이 'void *'과(와) 다릅니다.
c:\users\user\source\repos\shooting\game.c(136): warning C4024: 'defBullet': 형식 및 실제 매개 변수 2의 형식이 서로 다릅니다.
c:\users\user\source\repos\shooting\game.c(136): warning C4024: 'defBullet': 형식 및 실제 매개 변수 3의 형식이 서로 다릅니다.
c:\users\user\source\repos\shooting\game.c(136): warning C4024: 'defBullet': 형식 및 실제 매개 변수 4의 형식이 서로 다릅니다.
c:\users\user\source\repos\shooting\game.c(136): warning C4024: 'defBullet': 형식 및 실제 매개 변수 5의 형식이 서로 다릅니다.
c:\users\user\source\repos\shooting\game.c(157): warning C4013: 'time'이(가) 정의되지 않았습니다. extern은 int형을 반환하는 것으로 간주합니다.
c:\users\user\source\repos\shooting\game.c(228): warning C4047: '함수': 'int'의 간접 참조 수준이 'void *'과(와) 다릅니다.
c:\users\user\source\repos\shooting\game.c(228): warning C4024: 'defMonster': 형식 및 실제 매개 변수 2의 형식이 서로 다릅니다.
c:\users\user\source\repos\shooting\game.c(228): warning C4024: 'defMonster': 형식 및 실제 매개 변수 3의 형식이 서로 다릅니다.
c:\users\user\source\repos\shooting\game.c(228): warning C4024: 'defMonster': 형식 및 실제 매개 변수 4의 형식이 서로 다릅니다.
c:\users\user\source\repos\shooting\game.c(228): warning C4024: 'defMonster': 형식 및 실제 매개 변수 5의 형식이 서로 다릅니다.
c:\users\user\source\repos\shooting\game.c(228): warning C4024: 'defMonster': 형식 및 실제 매개 변수 6의 형식이 서로 다릅니다.
c:\users\user\source\repos\shooting\game.c(228): warning C4024: 'defMonster': 형식 및 실제 매개 변수 7의 형식이 서로 다릅니다.
c:\users\user\source\repos\shooting\game.c(313): warning C4047: '함수': 'int'의 간접 참조 수준이 'void *'과(와) 다릅니다.
c:\users\user\source\repos\shooting\game.c(313): warning C4024: 'defLaser': 형식 및 실제 매개 변수 2의 형식이 서로 다릅니다.
c:\users\user\source\repos\shooting\game.c(313): warning C4024: 'defLaser': 형식 및 실제 매개 변수 3의 형식이 서로 다릅니다.
c:\users\user\source\repos\shooting\game.c(313): warning C4024: 'defLaser': 형식 및 실제 매개 변수 4의 형식이 서로 다릅니다.
c:\users\user\source\repos\shooting\game.c(313): warning C4024: 'defLaser': 형식 및 실제 매개 변수 5의 형식이 서로 다릅니다.
c:\users\user\source\repos\shooting\game.c(313): warning C4020: 'defLaser': 실제 매개 변수가 너무 많습니다.
c:\users\user\source\repos\shooting\game.c(381): warning C4013: 'gotoxy'이(가) 정의되지 않았습니다. extern은 int형을 반환하는 것으로 간주합니다.
c:\users\user\source\repos\shooting\game.c(479): warning C4996: 'getch': The POSIX name for this item is deprecated. Instead, use the ISO C and C++ conformant name: _getch. See online help for details.
  c:\program files (x86)\windows kits\10\include\10.0.17134.0\ucrt\conio.h(453): note: 'getch' 선언을 참조하십시오.
  main.c
c:\users\user\source\repos\shooting\main.c(4): warning C4013: 'init'이(가) 정의되지 않았습니다. extern은 int형을 반환하는 것으로 간주합니다.
c:\users\user\source\repos\shooting\main.c(5): warning C4013: 'reset'이(가) 정의되지 않았습니다. extern은 int형을 반환하는 것으로 간주합니다.
c:\users\user\source\repos\shooting\main.c(8): warning C4013: 'resetMF'이(가) 정의되지 않았습니다. extern은 int형을 반환하는 것으로 간주합니다.
c:\users\user\source\repos\shooting\main.c(9): warning C4013: 'resetCF'이(가) 정의되지 않았습니다. extern은 int형을 반환하는 것으로 간주합니다.
c:\users\user\source\repos\shooting\main.c(10): warning C4013: 'drawMF'이(가) 정의되지 않았습니다. extern은 int형을 반환하는 것으로 간주합니다.
c:\users\user\source\repos\shooting\main.c(14): warning C4013: 'checkKbhit'이(가) 정의되지 않았습니다. extern은 int형을 반환하는 것으로 간주합니다.
c:\users\user\source\repos\shooting\main.c(17): warning C4013: 'moveBullet'이(가) 정의되지 않았습니다. extern은 int형을 반환하는 것으로 간주합니다.
c:\users\user\source\repos\shooting\main.c(19): warning C4013: 'moveMonster'이(가) 정의되지 않았습니다. extern은 int형을 반환하는 것으로 간주합니다.
c:\users\user\source\repos\shooting\main.c(21): warning C4013: 'createLaser'이(가) 정의되지 않았습니다. extern은 int형을 반환하는 것으로 간주합니다.
c:\users\user\source\repos\shooting\main.c(22): warning C4013: 'moveLaser'이(가) 정의되지 않았습니다. extern은 int형을 반환하는 것으로 간주합니다.
c:\users\user\source\repos\shooting\main.c(34): warning C4013: 'defMonster'이(가) 정의되지 않았습니다. extern은 int형을 반환하는 것으로 간주합니다.
c:\users\user\source\repos\shooting\main.c(41): warning C4013: 'createMonster'이(가) 정의되지 않았습니다. extern은 int형을 반환하는 것으로 간주합니다.
c:\users\user\source\repos\shooting\main.c(43): warning C4013: 'drawMap'이(가) 정의되지 않았습니다. extern은 int형을 반환하는 것으로 간주합니다.
  util.c
  코드를 생성하고 있습니다.
  All 25 functions were compiled because no usable IPDB/IOBJ from previous compilation was found.
  코드를 생성했습니다.
  Shooting.vcxproj -> C:\Users\USER\source\repos\Shooting\Release\Shooting.exe
