  game.c
c:\users\user\source\repos\beom-0707\shootinggame\project_shootinggame\game.c(55): warning C4996: 'kbhit': The POSIX name for this item is deprecated. Instead, use the ISO C and C++ conformant name: _kbhit. See online help for details.
  c:\program files (x86)\windows kits\10\include\10.0.17134.0\ucrt\conio.h(459): note: 'kbhit' 선언을 참조하십시오.
c:\users\user\source\repos\beom-0707\shootinggame\project_shootinggame\game.c(56): warning C4996: 'getch': The POSIX name for this item is deprecated. Instead, use the ISO C and C++ conformant name: _getch. See online help for details.
  c:\program files (x86)\windows kits\10\include\10.0.17134.0\ucrt\conio.h(453): note: 'getch' 선언을 참조하십시오.
c:\users\user\source\repos\beom-0707\shootinggame\project_shootinggame\game.c(58): warning C4996: 'getch': The POSIX name for this item is deprecated. Instead, use the ISO C and C++ conformant name: _getch. See online help for details.
  c:\program files (x86)\windows kits\10\include\10.0.17134.0\ucrt\conio.h(453): note: 'getch' 선언을 참조하십시오.
c:\users\user\source\repos\beom-0707\shootinggame\project_shootinggame\game.c(276): warning C4013: 'gotoxy'이(가) 정의되지 않았습니다. extern은 int형을 반환하는 것으로 간주합니다.
c:\users\user\source\repos\beom-0707\shootinggame\project_shootinggame\game.c(300): warning C4028: 정식 매개 변수 2이(가) 선언과 다릅니다.
c:\users\user\source\repos\beom-0707\shootinggame\project_shootinggame\game.c(300): warning C4028: 정식 매개 변수 3이(가) 선언과 다릅니다.
c:\users\user\source\repos\beom-0707\shootinggame\project_shootinggame\game.c(300): warning C4028: 정식 매개 변수 6이(가) 선언과 다릅니다.
c:\users\user\source\repos\beom-0707\shootinggame\project_shootinggame\game.c(300): warning C4029: 선언된 정식 매개 변수 목록이 정의와 다릅니다.
c:\users\user\source\repos\beom-0707\shootinggame\project_shootinggame\game.c(531): warning C4028: 정식 매개 변수 4이(가) 선언과 다릅니다.
c:\users\user\source\repos\beom-0707\shootinggame\project_shootinggame\game.c(531): warning C4029: 선언된 정식 매개 변수 목록이 정의와 다릅니다.
c:\users\user\source\repos\beom-0707\shootinggame\project_shootinggame\game.c(532): warning C4244: '=': 'double'에서 'int'(으)로 변환하면서 데이터가 손실될 수 있습니다.
c:\users\user\source\repos\beom-0707\shootinggame\project_shootinggame\game.c(533): warning C4244: '=': 'double'에서 'int'(으)로 변환하면서 데이터가 손실될 수 있습니다.
c:\users\user\source\repos\beom-0707\shootinggame\project_shootinggame\game.c(580): warning C4244: '함수': 'double'에서 'int'(으)로 변환하면서 데이터가 손실될 수 있습니다.
c:\users\user\source\repos\beom-0707\shootinggame\project_shootinggame\game.c(582): warning C4244: '+=': 'double'에서 'int'(으)로 변환하면서 데이터가 손실될 수 있습니다.
c:\users\user\source\repos\beom-0707\shootinggame\project_shootinggame\game.c(583): warning C4244: '+=': 'double'에서 'int'(으)로 변환하면서 데이터가 손실될 수 있습니다.
c:\users\user\source\repos\beom-0707\shootinggame\project_shootinggame\game.c(601): warning C4029: 선언된 정식 매개 변수 목록이 정의와 다릅니다.
c:\users\user\source\repos\beom-0707\shootinggame\project_shootinggame\game.c(664): warning C4996: 'strcpy': This function or variable may be unsafe. Consider using strcpy_s instead. To disable deprecation, use _CRT_SECURE_NO_WARNINGS. See online help for details.
  c:\program files (x86)\windows kits\10\include\10.0.17134.0\ucrt\string.h(133): note: 'strcpy' 선언을 참조하십시오.
c:\users\user\source\repos\beom-0707\shootinggame\project_shootinggame\game.c(665): warning C4996: 'strcpy': This function or variable may be unsafe. Consider using strcpy_s instead. To disable deprecation, use _CRT_SECURE_NO_WARNINGS. See online help for details.
  c:\program files (x86)\windows kits\10\include\10.0.17134.0\ucrt\string.h(133): note: 'strcpy' 선언을 참조하십시오.
c:\users\user\source\repos\beom-0707\shootinggame\project_shootinggame\game.c(666): warning C4996: 'strcpy': This function or variable may be unsafe. Consider using strcpy_s instead. To disable deprecation, use _CRT_SECURE_NO_WARNINGS. See online help for details.
  c:\program files (x86)\windows kits\10\include\10.0.17134.0\ucrt\string.h(133): note: 'strcpy' 선언을 참조하십시오.
c:\users\user\source\repos\beom-0707\shootinggame\project_shootinggame\game.c(667): warning C4996: 'strcpy': This function or variable may be unsafe. Consider using strcpy_s instead. To disable deprecation, use _CRT_SECURE_NO_WARNINGS. See online help for details.
  c:\program files (x86)\windows kits\10\include\10.0.17134.0\ucrt\string.h(133): note: 'strcpy' 선언을 참조하십시오.
c:\users\user\source\repos\beom-0707\shootinggame\project_shootinggame\game.c(668): warning C4996: 'strcpy': This function or variable may be unsafe. Consider using strcpy_s instead. To disable deprecation, use _CRT_SECURE_NO_WARNINGS. See online help for details.
  c:\program files (x86)\windows kits\10\include\10.0.17134.0\ucrt\string.h(133): note: 'strcpy' 선언을 참조하십시오.
c:\users\user\source\repos\beom-0707\shootinggame\project_shootinggame\game.c(669): warning C4996: 'strcpy': This function or variable may be unsafe. Consider using strcpy_s instead. To disable deprecation, use _CRT_SECURE_NO_WARNINGS. See online help for details.
  c:\program files (x86)\windows kits\10\include\10.0.17134.0\ucrt\string.h(133): note: 'strcpy' 선언을 참조하십시오.
c:\users\user\source\repos\beom-0707\shootinggame\project_shootinggame\game.c(670): warning C4996: 'strcpy': This function or variable may be unsafe. Consider using strcpy_s instead. To disable deprecation, use _CRT_SECURE_NO_WARNINGS. See online help for details.
  c:\program files (x86)\windows kits\10\include\10.0.17134.0\ucrt\string.h(133): note: 'strcpy' 선언을 참조하십시오.
c:\users\user\source\repos\beom-0707\shootinggame\project_shootinggame\game.c(671): warning C4996: 'strcpy': This function or variable may be unsafe. Consider using strcpy_s instead. To disable deprecation, use _CRT_SECURE_NO_WARNINGS. See online help for details.
  c:\program files (x86)\windows kits\10\include\10.0.17134.0\ucrt\string.h(133): note: 'strcpy' 선언을 참조하십시오.
c:\users\user\source\repos\beom-0707\shootinggame\project_shootinggame\game.c(672): warning C4996: 'strcpy': This function or variable may be unsafe. Consider using strcpy_s instead. To disable deprecation, use _CRT_SECURE_NO_WARNINGS. See online help for details.
  c:\program files (x86)\windows kits\10\include\10.0.17134.0\ucrt\string.h(133): note: 'strcpy' 선언을 참조하십시오.
c:\users\user\source\repos\beom-0707\shootinggame\project_shootinggame\game.c(673): warning C4996: 'strcpy': This function or variable may be unsafe. Consider using strcpy_s instead. To disable deprecation, use _CRT_SECURE_NO_WARNINGS. See online help for details.
  c:\program files (x86)\windows kits\10\include\10.0.17134.0\ucrt\string.h(133): note: 'strcpy' 선언을 참조하십시오.
c:\users\user\source\repos\beom-0707\shootinggame\project_shootinggame\game.c(674): warning C4996: 'strcpy': This function or variable may be unsafe. Consider using strcpy_s instead. To disable deprecation, use _CRT_SECURE_NO_WARNINGS. See online help for details.
  c:\program files (x86)\windows kits\10\include\10.0.17134.0\ucrt\string.h(133): note: 'strcpy' 선언을 참조하십시오.
c:\users\user\source\repos\beom-0707\shootinggame\project_shootinggame\game.c(675): warning C4996: 'strcpy': This function or variable may be unsafe. Consider using strcpy_s instead. To disable deprecation, use _CRT_SECURE_NO_WARNINGS. See online help for details.
  c:\program files (x86)\windows kits\10\include\10.0.17134.0\ucrt\string.h(133): note: 'strcpy' 선언을 참조하십시오.
c:\users\user\source\repos\beom-0707\shootinggame\project_shootinggame\game.c(836): warning C4996: 'getch': The POSIX name for this item is deprecated. Instead, use the ISO C and C++ conformant name: _getch. See online help for details.
  c:\program files (x86)\windows kits\10\include\10.0.17134.0\ucrt\conio.h(453): note: 'getch' 선언을 참조하십시오.
c:\users\user\source\repos\beom-0707\shootinggame\project_shootinggame\game.c(855): warning C4996: 'getch': The POSIX name for this item is deprecated. Instead, use the ISO C and C++ conformant name: _getch. See online help for details.
  c:\program files (x86)\windows kits\10\include\10.0.17134.0\ucrt\conio.h(453): note: 'getch' 선언을 참조하십시오.
  main.c
c:\users\user\source\repos\beom-0707\shootinggame\project_shootinggame\main.c(4): warning C4013: 'init'이(가) 정의되지 않았습니다. extern은 int형을 반환하는 것으로 간주합니다.
c:\users\user\source\repos\beom-0707\shootinggame\project_shootinggame\main.c(5): warning C4013: 'reset'이(가) 정의되지 않았습니다. extern은 int형을 반환하는 것으로 간주합니다.
c:\users\user\source\repos\beom-0707\shootinggame\project_shootinggame\main.c(9): warning C4013: 'resetMF'이(가) 정의되지 않았습니다. extern은 int형을 반환하는 것으로 간주합니다.
c:\users\user\source\repos\beom-0707\shootinggame\project_shootinggame\main.c(10): warning C4013: 'resetCF'이(가) 정의되지 않았습니다. extern은 int형을 반환하는 것으로 간주합니다.
c:\users\user\source\repos\beom-0707\shootinggame\project_shootinggame\main.c(11): warning C4013: 'createMonster'이(가) 정의되지 않았습니다. extern은 int형을 반환하는 것으로 간주합니다.
c:\users\user\source\repos\beom-0707\shootinggame\project_shootinggame\main.c(12): warning C4013: 'createGLaser'이(가) 정의되지 않았습니다. extern은 int형을 반환하는 것으로 간주합니다.
c:\users\user\source\repos\beom-0707\shootinggame\project_shootinggame\main.c(13): warning C4013: 'drawMF'이(가) 정의되지 않았습니다. extern은 int형을 반환하는 것으로 간주합니다.
c:\users\user\source\repos\beom-0707\shootinggame\project_shootinggame\main.c(14): warning C4013: 'drawMap'이(가) 정의되지 않았습니다. extern은 int형을 반환하는 것으로 간주합니다.
c:\users\user\source\repos\beom-0707\shootinggame\project_shootinggame\main.c(34): warning C4013: 'checkKbhit'이(가) 정의되지 않았습니다. extern은 int형을 반환하는 것으로 간주합니다.
c:\users\user\source\repos\beom-0707\shootinggame\project_shootinggame\main.c(35): warning C4013: 'createLaser'이(가) 정의되지 않았습니다. extern은 int형을 반환하는 것으로 간주합니다.
c:\users\user\source\repos\beom-0707\shootinggame\project_shootinggame\main.c(41): warning C4013: 'moveBullet'이(가) 정의되지 않았습니다. extern은 int형을 반환하는 것으로 간주합니다.
c:\users\user\source\repos\beom-0707\shootinggame\project_shootinggame\main.c(42): warning C4013: 'moveGLaser'이(가) 정의되지 않았습니다. extern은 int형을 반환하는 것으로 간주합니다.
c:\users\user\source\repos\beom-0707\shootinggame\project_shootinggame\main.c(43): warning C4013: 'moveLaser'이(가) 정의되지 않았습니다. extern은 int형을 반환하는 것으로 간주합니다.
c:\users\user\source\repos\beom-0707\shootinggame\project_shootinggame\main.c(49): warning C4013: 'defMonster'이(가) 정의되지 않았습니다. extern은 int형을 반환하는 것으로 간주합니다.
c:\users\user\source\repos\beom-0707\shootinggame\project_shootinggame\main.c(51): warning C4013: 'defGLaser'이(가) 정의되지 않았습니다. extern은 int형을 반환하는 것으로 간주합니다.
c:\users\user\source\repos\beom-0707\shootinggame\project_shootinggame\main.c(55): warning C4013: 'result'이(가) 정의되지 않았습니다. extern은 int형을 반환하는 것으로 간주합니다.
c:\users\user\source\repos\beom-0707\shootinggame\project_shootinggame\main.c(67): warning C4013: 'pause'이(가) 정의되지 않았습니다. extern은 int형을 반환하는 것으로 간주합니다.
c:\users\user\source\repos\beom-0707\shootinggame\project_shootinggame\main.c(72): warning C4013: 'stackGaugeLaser'이(가) 정의되지 않았습니다. extern은 int형을 반환하는 것으로 간주합니다.
c:\users\user\source\repos\beom-0707\shootinggame\project_shootinggame\main.c(73): warning C4013: 'stackGaugeGLaser'이(가) 정의되지 않았습니다. extern은 int형을 반환하는 것으로 간주합니다.
  util.c
  코드를 생성하고 있습니다...
  Shooting.vcxproj -> C:\Users\USER\source\repos\Beom-0707\ShootingGame\Project_ShootingGame\Debug\Shooting.exe
